<?xml version="1.0" encoding="UTF-8"?>
<!-- Generated by org.testng.reporters.JUnitReportReporter -->
<testsuite hostname="MSI" failures="0" tests="1" name="com.fancode.tests.FanCodeTodoTest" time="2.550" errors="0" timestamp="2024-10-11T01:40:23 IST" skipped="0">
  <testcase classname="com.fancode.tests.FanCodeTodoTest" name="verifyUserCompletedTasksGreaterThanFiftyPercent" time="2.550"/>
  <system-out/>
</testsuite> <!-- com.fancode.tests.FanCodeTodoTest -->
